=================================================
  GOERTZEL CORE SINGLE-VECTOR TESTBENCH
=================================================
Vector dir: vectors/amp_12000
ADC path:   vectors/amp_12000/adc.hex
EXP path:   vectors/amp_12000/expected.txt
Expected I: -3674207
Expected Q: -4743434
Expected overflow: 0
-------------------------------------------------
RTL block_done detected
  dout_valid     = 1
  overflow_block = 0
  overflow_sticky= 0
  I_OUT          = -3674207
  Q_OUT          = -4743434
-------------------------------------------------
>> VERDICT: PASS. RTL exactly matches Python Golden Model.
=================================================
tb/goertzel_tb.sv:183: $finish called at 10075000 (1ps)
