=================================================
  GOERTZEL CORE SINGLE-VECTOR TESTBENCH
=================================================
Vector dir: vectors/amp_05000
ADC path:   vectors/amp_05000/adc.hex
EXP path:   vectors/amp_05000/expected.txt
Expected I: -1530946
Expected Q: -1976464
Expected overflow: 0
-------------------------------------------------
RTL block_done detected
  dout_valid     = 1
  overflow_block = 0
  overflow_sticky= 0
  I_OUT          = -1530946
  Q_OUT          = -1976464
-------------------------------------------------
>> VERDICT: PASS. RTL exactly matches Python Golden Model.
=================================================
tb/goertzel_tb.sv:183: $finish called at 10075000 (1ps)
