=================================================
  GOERTZEL CORE SINGLE-VECTOR TESTBENCH
=================================================
Vector dir: vectors/near_fullscale
ADC path:   vectors/near_fullscale/adc.hex
EXP path:   vectors/near_fullscale/expected.txt
Expected I: 2064139
Expected Q: -16249387
Expected overflow: 0
-------------------------------------------------
RTL block_done detected
  dout_valid     = 1
  overflow_block = 0
  overflow_sticky= 0
  I_OUT          = 2064139
  Q_OUT          = -16249387
-------------------------------------------------
>> VERDICT: PASS. RTL exactly matches Python Golden Model.
=================================================
tb/goertzel_tb.sv:183: $finish called at 10075000 (1ps)
