=================================================
  GOERTZEL CORE SINGLE-VECTOR TESTBENCH
=================================================
Vector dir: vectors/noise_0000
ADC path:   vectors/noise_0000/adc.hex
EXP path:   vectors/noise_0000/expected.txt
Expected I: -2794989
Expected Q: -2861469
Expected overflow: 0
-------------------------------------------------
RTL block_done detected
  dout_valid     = 1
  overflow_block = 0
  overflow_sticky= 0
  I_OUT          = -2794989
  Q_OUT          = -2861469
-------------------------------------------------
>> VERDICT: PASS. RTL exactly matches Python Golden Model.
=================================================
tb/goertzel_tb.sv:183: $finish called at 10075000 (1ps)
