=================================================
  GOERTZEL CORE SINGLE-VECTOR TESTBENCH
=================================================
Vector dir: vectors/offbin_plus_50k
ADC path:   vectors/offbin_plus_50k/adc.hex
EXP path:   vectors/offbin_plus_50k/expected.txt
Expected I: -21
Expected Q: 254
Expected overflow: 0
-------------------------------------------------
RTL block_done detected
  dout_valid     = 1
  overflow_block = 0
  overflow_sticky= 0
  I_OUT          = -21
  Q_OUT          = 254
-------------------------------------------------
>> VERDICT: PASS. RTL exactly matches Python Golden Model.
=================================================
tb/goertzel_tb.sv:183: $finish called at 10075000 (1ps)
