=================================================
  GOERTZEL CORE SINGLE-VECTOR TESTBENCH
=================================================
Vector dir: vectors/overflow_alternating
ADC path:   vectors/overflow_alternating/adc.hex
EXP path:   vectors/overflow_alternating/expected.txt
Expected I: 34
Expected Q: 24
Expected overflow: 0
-------------------------------------------------
RTL block_done detected
  dout_valid     = 1
  overflow_block = 0
  overflow_sticky= 0
  I_OUT          = 34
  Q_OUT          = 24
-------------------------------------------------
>> VERDICT: PASS. RTL exactly matches Python Golden Model.
=================================================
tb/goertzel_tb.sv:183: $finish called at 10075000 (1ps)
