=================================================
  GOERTZEL CORE SINGLE-VECTOR TESTBENCH
=================================================
Vector dir: vectors/tone_phase_01
ADC path:   vectors/tone_phase_01/adc.hex
EXP path:   vectors/tone_phase_01/expected.txt
Expected I: 3952885
Expected Q: -3061841
Expected overflow: 0
-------------------------------------------------
RTL block_done detected
  dout_valid     = 1
  overflow_block = 0
  overflow_sticky= 0
  I_OUT          = 3952885
  Q_OUT          = -3061841
-------------------------------------------------
>> VERDICT: PASS. RTL exactly matches Python Golden Model.
=================================================
tb/goertzel_tb.sv:183: $finish called at 10075000 (1ps)
