=================================================
  GOERTZEL CORE SINGLE-VECTOR TESTBENCH
=================================================
Vector dir: vectors/tone_phase_00
ADC path:   vectors/tone_phase_00/adc.hex
EXP path:   vectors/tone_phase_00/expected.txt
Expected I: 630071
Expected Q: -4960112
Expected overflow: 0
-------------------------------------------------
RTL block_done detected
  dout_valid     = 1
  overflow_block = 0
  overflow_sticky= 0
  I_OUT          = 630071
  Q_OUT          = -4960112
-------------------------------------------------
>> VERDICT: PASS. RTL exactly matches Python Golden Model.
=================================================
tb/goertzel_tb.sv:183: $finish called at 10075000 (1ps)
