=================================================
  GOERTZEL CORE SINGLE-VECTOR TESTBENCH
=================================================
Vector dir: vectors/tone_phase_02
ADC path:   vectors/tone_phase_02/adc.hex
EXP path:   vectors/tone_phase_02/expected.txt
Expected I: 4960128
Expected Q: 630035
Expected overflow: 0
-------------------------------------------------
RTL block_done detected
  dout_valid     = 1
  overflow_block = 0
  overflow_sticky= 0
  I_OUT          = 4960128
  Q_OUT          = 630035
-------------------------------------------------
>> VERDICT: PASS. RTL exactly matches Python Golden Model.
=================================================
tb/goertzel_tb.sv:183: $finish called at 10075000 (1ps)
