=================================================
  GOERTZEL CORE SINGLE-VECTOR TESTBENCH
=================================================
Vector dir: vectors/two_tone_interference
ADC path:   vectors/two_tone_interference/adc.hex
EXP path:   vectors/two_tone_interference/expected.txt
Expected I: 441053
Expected Q: -3472054
Expected overflow: 0
-------------------------------------------------
RTL block_done detected
  dout_valid     = 1
  overflow_block = 0
  overflow_sticky= 0
  I_OUT          = 441053
  Q_OUT          = -3472054
-------------------------------------------------
>> VERDICT: PASS. RTL exactly matches Python Golden Model.
=================================================
tb/goertzel_tb.sv:183: $finish called at 10075000 (1ps)
